<?xml version="1.0" encoding="utf-8"?><testsuites name="pytest tests"><testsuite name="pytest" errors="0" failures="0" skipped="0" tests="1" time="8.392" timestamp="2025-08-24T20:58:25.585704+00:00" hostname="e2b.local"><testcase classname="tests.integration.test_cli_index.TestIndexCommand" name="test_index_help" time="0.073" /></testsuite></testsuites>
